<?xml version="1.0" encoding="UTF-8"?>
<!-- Generated by org.testng.reporters.JUnitReportReporter -->
<testsuite hostname="DESKTOP-OEMEF1T" failures="0" tests="1" name="tests.AutomatedTests" time="3.779" errors="0" timestamp="2025-03-20T00:51:42 EET" skipped="0">
  <testcase classname="tests.AutomatedTests" name="testReadDataFromTxtFile" time="3.779"/>
</testsuite> <!-- tests.AutomatedTests -->
