<?xml version="1.0" encoding="UTF-8"?>
<!-- Generated by org.testng.reporters.JUnitReportReporter -->
<testsuite hostname="DESKTOP-OEMEF1T" failures="0" tests="1" name="tests.AccountCreationTest" time="5.245" errors="0" timestamp="2025-03-20T00:47:06 EET" skipped="0">
  <testcase classname="tests.AccountCreationTest" name="testAccountCreation" time="5.245"/>
</testsuite> <!-- tests.AccountCreationTest -->
